2025-08-18T08:54:02+00:00 INFO Generating payment form for order 5294. Notify URL: https://www.smallstreet.app/wc-api/WC_Gateway_Paypal/
2025-08-18T08:54:02+00:00 INFO PayPal Request Args for order 5294: Array
(
    [cmd] => _cart
    [business] => biggfam@yahoo.com
    [no_note] => 1
    [currency_code] => USD
    [charset] => utf-8
    [rm] => 2
    [upload] => 1
    [return] => https://www.smallstreet.app/detente-checkout/order-received/5294/?key=wc_order_kbhfsyXIfKTaV&utm_nooverride=1
    [cancel_return] => https://www.smallstreet.app/cart/?cancel_order=true&order=wc_order_kbhfsyXIfKTaV&order_id=5294&redirect&_wpnonce=966fc8e2e9
    [image_url] => 
    [paymentaction] => sale
    [invoice] => WC-5294
    [custom] => {"order_id":5294,"order_key":"wc_order_kbhfsyXIfKTaV"}
    [notify_url] => https://www.smallstreet.app/wc-api/WC_Gateway_Paypal/
    [first_name] => ***
    [last_name] => ***
    [address1] => ***
    [address2] => ***
    [city] => ***
    [state] => ***
    [zip] => ***
    [country] => ***
    [email] => ***@***
    [night_phone_a] => ***
    [night_phone_b] => ***
    [night_phone_c] => ***
    [address_override] => 0
    [no_shipping] => 0
    [tax_cart] => 0.00
    [item_name_1] => Yam is On Sticker - Distribution (Peace Pentagon Branch: Distribution)
    [quantity_1] => 10
    [amount_1] => 0.3
    [item_number_1] => YAM-STICKER
    [bn] => WooThemes_Cart
)
